<?xml version="1.0" encoding="UTF-8"?>
<!-- Generated by org.testng.reporters.JUnitReportReporter -->
<testsuite hostname="ojt16-PC" name="DriverFactory.DataDrivenFrameWork" tests="1" failures="0" timestamp="11 Dec 2019 08:26:57 GMT" time="86.821" errors="0">
  <testcase name="supplierCre" time="86.821" classname="DriverFactory.DataDrivenFrameWork"/>
</testsuite> <!-- DriverFactory.DataDrivenFrameWork -->
