<?xml version="1.0" encoding="UTF-8"?>
<!-- Generated by org.testng.reporters.JUnitReportReporter -->
<testsuite hostname="ojt16-PC" name="DriverFactory.DriverScript" tests="1" failures="0" timestamp="23 Dec 2019 04:36:14 GMT" time="40.525" errors="0">
  <testcase name="ERP_Test" time="40.525" classname="DriverFactory.DriverScript"/>
</testsuite> <!-- DriverFactory.DriverScript -->
