<?xml version="1.0" encoding="UTF-8"?>
<!-- Generated by org.testng.reporters.JUnitReportReporter -->
<testsuite hostname="ojt16-PC" name="DriverFactory.AppTest" tests="1" failures="0" timestamp="18 Dec 2019 09:44:04 GMT" time="86.006" errors="0">
  <testcase name="startTest" time="86.006" classname="DriverFactory.AppTest"/>
</testsuite> <!-- DriverFactory.AppTest -->
